<?xml version="1.0" encoding="UTF-8"?>
<testsuite name="org.chunsik.pq.PqApplicationTests" tests="1" skipped="0" failures="0" errors="0" timestamp="2024-07-31T01:27:20" hostname="kakaoMac.local" time="0.223">
  <properties/>
  <testcase name="contextLoads()" classname="org.chunsik.pq.PqApplicationTests" time="0.223"/>
  <system-out><![CDATA[10:27:18.760 [Test worker] INFO org.springframework.test.context.support.AnnotationConfigContextLoaderUtils -- Could not detect default configuration classes for test class [org.chunsik.pq.PqApplicationTests]: PqApplicationTests does not declare any static, non-private, non-final, nested classes annotated with @Configuration.
10:27:18.791 [Test worker] INFO org.springframework.boot.test.context.SpringBootTestContextBootstrapper -- Found @SpringBootConfiguration org.chunsik.pq.PqApplication for test class org.chunsik.pq.PqApplicationTests

  .   ____          _            __ _ _
 /\\ / ___'_ __ _ _(_)_ __  __ _ \ \ \ \
( ( )\___ | '_ | '_| | '_ \/ _` | \ \ \ \
 \\/  ___)| |_)| | | | | || (_| |  ) ) ) )
  '  |____| .__|_| |_|_| |_\__, | / / / /
 =========|_|==============|___/=/_/_/_/

 :: Spring Boot ::                (v3.3.2)

2024-07-31T10:27:18.921+09:00  INFO 63859 --- [pq] [    Test worker] org.chunsik.pq.PqApplicationTests        : Starting PqApplicationTests using Java 17.0.10 with PID 63859 (started by keung in /Users/keung/Desktop/project/pq/pq-spring-be)
2024-07-31T10:27:18.921+09:00  INFO 63859 --- [pq] [    Test worker] org.chunsik.pq.PqApplicationTests        : No active profile set, falling back to 1 default profile: "default"
2024-07-31T10:27:19.122+09:00  INFO 63859 --- [pq] [    Test worker] .s.d.r.c.RepositoryConfigurationDelegate : Bootstrapping Spring Data JPA repositories in DEFAULT mode.
2024-07-31T10:27:19.137+09:00  INFO 63859 --- [pq] [    Test worker] .s.d.r.c.RepositoryConfigurationDelegate : Finished Spring Data repository scanning in 13 ms. Found 1 JPA repository interface.
2024-07-31T10:27:19.321+09:00  INFO 63859 --- [pq] [    Test worker] o.hibernate.jpa.internal.util.LogHelper  : HHH000204: Processing PersistenceUnitInfo [name: default]
2024-07-31T10:27:19.336+09:00  INFO 63859 --- [pq] [    Test worker] org.hibernate.Version                    : HHH000412: Hibernate ORM core version 6.5.2.Final
2024-07-31T10:27:19.348+09:00  INFO 63859 --- [pq] [    Test worker] o.h.c.internal.RegionFactoryInitiator    : HHH000026: Second-level cache disabled
2024-07-31T10:27:19.442+09:00  INFO 63859 --- [pq] [    Test worker] o.s.o.j.p.SpringPersistenceUnitInfo      : No LoadTimeWeaver setup: ignoring JPA class transformer
2024-07-31T10:27:19.451+09:00  INFO 63859 --- [pq] [    Test worker] com.zaxxer.hikari.HikariDataSource       : HikariPool-1 - Starting...
2024-07-31T10:27:19.563+09:00  INFO 63859 --- [pq] [    Test worker] com.zaxxer.hikari.pool.HikariPool        : HikariPool-1 - Added connection com.mysql.cj.jdbc.ConnectionImpl@2b4829aa
2024-07-31T10:27:19.564+09:00  INFO 63859 --- [pq] [    Test worker] com.zaxxer.hikari.HikariDataSource       : HikariPool-1 - Start completed.
2024-07-31T10:27:19.583+09:00  WARN 63859 --- [pq] [    Test worker] org.hibernate.orm.deprecation            : HHH90000025: MySQLDialect does not need to be specified explicitly using 'hibernate.dialect' (remove the property setting and it will be selected by default)
2024-07-31T10:27:19.841+09:00  INFO 63859 --- [pq] [    Test worker] o.h.e.t.j.p.i.JtaPlatformInitiator       : HHH000489: No JTA platform available (set 'hibernate.transaction.jta.platform' to enable JTA platform integration)
2024-07-31T10:27:19.858+09:00  INFO 63859 --- [pq] [    Test worker] j.LocalContainerEntityManagerFactoryBean : Initialized JPA EntityManagerFactory for persistence unit 'default'
2024-07-31T10:27:19.974+09:00  WARN 63859 --- [pq] [    Test worker] JpaBaseConfiguration$JpaWebConfiguration : spring.jpa.open-in-view is enabled by default. Therefore, database queries may be performed during view rendering. Explicitly configure spring.jpa.open-in-view to disable this warning
2024-07-31T10:27:20.101+09:00  INFO 63859 --- [pq] [    Test worker] org.chunsik.pq.PqApplicationTests        : Started PqApplicationTests in 1.268 seconds (process running for 1.626)
]]></system-out>
  <system-err><![CDATA[]]></system-err>
</testsuite>
